Arguments: 
  C:\Program Files\nodejs\node.exe C:\Users\vidstudio\AppData\Roaming\npm\node_modules\yarn\bin\yarn.js start

PATH: 
  C:\Python39\Scripts\;C:\Python39\;C:\Program Files\NVIDIA GPU Computing Toolkit\CUDA\v10.1\bin;C:\Program Files\NVIDIA GPU Computing Toolkit\CUDA\v10.1\libnvvp;C:\Program Files\Python38\Scripts\;C:\Program Files\Python38\;C:\Program Files (x86)\Python38-32\Scripts\;C:\Program Files (x86)\Python38-32\;C:\Program Files (x86)\Common Files\Oracle\Java\javapath;C:\Program Files (x86)\Common Files\Intel\Shared Libraries\redist\intel64_win\compiler;C:\Program Files (x86)\NAT Service;C:\Program Files (x86)\Common Files\Intel\Shared Libraries\redist\intel64\compiler;C:\Windows\system32;C:\Windows;C:\Windows\System32\Wbem;C:\Windows\System32\WindowsPowerShell\v1.0\;C:\Windows\System32\OpenSSH\;C:\Program Files (x86)\NVIDIA Corporation\PhysX\Common;C:\Program Files\NVIDIA Corporation\NVIDIA NvDLISR;C:\Program Files\Java\jdk1.8.0_241\bin;C:\WINDOWS\system32;C:\WINDOWS;C:\WINDOWS\System32\Wbem;C:\WINDOWS\System32\WindowsPowerShell\v1.0\;C:\WINDOWS\System32\OpenSSH\;C:\Program Files\Java\jdk1.8.0_241\bin;C:\Program Files\NVIDIA Corporation\Nsight Compute 2019.4.0\;C:\Program Files\Git\cmd;C:\Program Files\nodejs\;C:\ProgramData\chocolatey\bin;C:\Users\vidstudio\AppData\Roaming\npm\node_modules\yarn\bin;C:\Users\vidstudio\AppData\Local\Microsoft\WindowsApps;C:\Program Files\Bandizip\;C:\Users\vidstudio\AppData\Local\atom\bin;C:\Program Files\JetBrains\PyCharm Community Edition 2020.3.2\bin;;C:\Users\vidstudio\AppData\Roaming\npm;C:\Users\vidstudio\AppData\Local\Programs\Microsoft VS Code\bin

Yarn version: 
  1.22.10

Node version: 
  15.5.1

Platform: 
  win32 x64

Trace: 
  SyntaxError: C:\Users\vidstudio\Desktop\Project\customermanagement\package.json: Unexpected end of JSON input
      at JSON.parse (<anonymous>)
      at C:\Users\vidstudio\AppData\Roaming\npm\node_modules\yarn\lib\cli.js:1625:59
      at Generator.next (<anonymous>)
      at step (C:\Users\vidstudio\AppData\Roaming\npm\node_modules\yarn\lib\cli.js:310:30)
      at C:\Users\vidstudio\AppData\Roaming\npm\node_modules\yarn\lib\cli.js:321:13

npm manifest: 
  

yarn manifest: 
  No manifest

Lockfile: 
  No lockfile
